#
# There is insufficient memory for the Java Runtime Environment to continue.
# Native memory allocation (malloc) failed to allocate 847216 bytes for Chunk::new
# Possible reasons:
#   The system is out of physical RAM or swap space
#   The process is running with CompressedOops enabled, and the Java Heap may be blocking the growth of the native heap
# Possible solutions:
#   Reduce memory load on the system
#   Increase physical memory or swap space
#   Check if swap backing store is full
#   Decrease Java heap size (-Xmx/-Xms)
#   Decrease number of Java threads
#   Decrease Java thread stack sizes (-Xss)
#   Set larger code cache with -XX:ReservedCodeCacheSize=
#   JVM is running with Zero Based Compressed Oops mode in which the Java heap is
#     placed in the first 32GB address space. The Java Heap base address is the
#     maximum limit for the native heap growth. Please use -XX:HeapBaseMinAddress
#     to set the Java Heap base and to place the Java Heap above 32GB virtual address.
# This output file may be truncated or incomplete.
#
#  Out of Memory Error (arena.cpp:189), pid=14172, tid=18808
#
# JRE version: Java(TM) SE Runtime Environment (17.0.9+11) (build 17.0.9+11-LTS-201)
# Java VM: Java HotSpot(TM) 64-Bit Server VM (17.0.9+11-LTS-201, mixed mode, sharing, tiered, compressed oops, compressed class ptrs, g1 gc, windows-amd64)
# No core dump will be written. Minidumps are not enabled by default on client versions of Windows
#

---------------  S U M M A R Y ------------

Command Line: C:\Users\ADMIN\AppData\Local\Temp\surefire6698538983994137336\surefirebooter-20250331111412149_3.jar C:\Users\ADMIN\AppData\Local\Temp\surefire6698538983994137336 2025-03-31T11-14-11_938-jvmRun1 surefire-20250331111412149_1tmp surefire_0-20250331111412149_2tmp

Host: AMD Ryzen 5 5500U with Radeon Graphics         , 12 cores, 15G,  Windows 11 , 64 bit Build 22621 (10.0.22621.4974)
Time: Mon Mar 31 11:14:13 2025 SE Asia Standard Time elapsed time: 1.130187 seconds (0d 0h 0m 1s)

---------------  T H R E A D  ---------------

Current thread (0x000001c5d7937270):  JavaThread "C2 CompilerThread1" daemon [_thread_in_native, id=18808, stack(0x000000c563200000,0x000000c563300000)]


Current CompileTask:
C2:   1130 1609       4       jdk.internal.org.objectweb.asm.Frame::execute (2305 bytes)

Stack: [0x000000c563200000,0x000000c563300000]
Native frames: (J=compiled Java code, j=interpreted, Vv=VM code, C=native code)
V  [jvm.dll+0x678a4a]
V  [jvm.dll+0x7d9cfd]
V  [jvm.dll+0x7db60e]
V  [jvm.dll+0x7dbc73]
V  [jvm.dll+0x245e1f]
V  [jvm.dll+0xaaafb]
V  [jvm.dll+0xab09c]
V  [jvm.dll+0x2ab7ef]
V  [jvm.dll+0x5812e5]
V  [jvm.dll+0x220c52]
V  [jvm.dll+0x22102f]
V  [jvm.dll+0x219f86]
V  [jvm.dll+0x217459]
V  [jvm.dll+0x1a3bc0]
V  [jvm.dll+0x2272de]
V  [jvm.dll+0x22548b]
V  [jvm.dll+0x78f58c]
V  [jvm.dll+0x78998a]
V  [jvm.dll+0x677875]
C  [ucrtbase.dll+0x29333]
C  [KERNEL32.DLL+0x1259d]
C  [ntdll.dll+0x5af38]


---------------  P R O C E S S  ---------------

Threads class SMR info:
_java_thread_list=0x000001c61d513550, length=15, elements={
0x000001c5b4a35e20, 0x000001c5d7690340, 0x000001c5d7690ed0, 0x000001c5d76a5ad0,
0x000001c5d76a73b0, 0x000001c5d76a7c80, 0x000001c5d76a8550, 0x000001c5d76a9200,
0x000001c5d76a9bc0, 0x000001c5d76ae4f0, 0x000001c5d78e6e40, 0x000001c5d78ed750,
0x000001c5d7937270, 0x000001c61d035060, 0x000001c5d7b381f0
}

Java Threads: ( => current thread )
  0x000001c5b4a35e20 JavaThread "main" [_thread_in_vm, id=11672, stack(0x000000c561f00000,0x000000c562000000)]
  0x000001c5d7690340 JavaThread "Reference Handler" daemon [_thread_blocked, id=5096, stack(0x000000c562600000,0x000000c562700000)]
  0x000001c5d7690ed0 JavaThread "Finalizer" daemon [_thread_blocked, id=17920, stack(0x000000c562700000,0x000000c562800000)]
  0x000001c5d76a5ad0 JavaThread "Signal Dispatcher" daemon [_thread_blocked, id=24420, stack(0x000000c562800000,0x000000c562900000)]
  0x000001c5d76a73b0 JavaThread "Attach Listener" daemon [_thread_blocked, id=15708, stack(0x000000c562900000,0x000000c562a00000)]
  0x000001c5d76a7c80 JavaThread "Service Thread" daemon [_thread_blocked, id=17620, stack(0x000000c562a00000,0x000000c562b00000)]
  0x000001c5d76a8550 JavaThread "Monitor Deflation Thread" daemon [_thread_blocked, id=10132, stack(0x000000c562b00000,0x000000c562c00000)]
  0x000001c5d76a9200 JavaThread "C2 CompilerThread0" daemon [_thread_in_native, id=14764, stack(0x000000c562c00000,0x000000c562d00000)]
  0x000001c5d76a9bc0 JavaThread "C1 CompilerThread0" daemon [_thread_blocked, id=23352, stack(0x000000c562d00000,0x000000c562e00000)]
  0x000001c5d76ae4f0 JavaThread "Sweeper thread" daemon [_thread_blocked, id=6884, stack(0x000000c562e00000,0x000000c562f00000)]
  0x000001c5d78e6e40 JavaThread "Notification Thread" daemon [_thread_blocked, id=17492, stack(0x000000c562f00000,0x000000c563000000)]
  0x000001c5d78ed750 JavaThread "Common-Cleaner" daemon [_thread_blocked, id=2660, stack(0x000000c563100000,0x000000c563200000)]
=>0x000001c5d7937270 JavaThread "C2 CompilerThread1" daemon [_thread_in_native, id=18808, stack(0x000000c563200000,0x000000c563300000)]
  0x000001c61d035060 JavaThread "surefire-forkedjvm-stream-flusher" daemon [_thread_blocked, id=12500, stack(0x000000c563300000,0x000000c563400000)]
  0x000001c5d7b381f0 JavaThread "surefire-forkedjvm-command-thread" daemon [_thread_in_native, id=2612, stack(0x000000c563400000,0x000000c563500000)]

Other Threads:
  0x000001c5d768c930 VMThread "VM Thread" [stack: 0x000000c562500000,0x000000c562600000] [id=23332]
  0x000001c5b4abd460 WatcherThread [stack: 0x000000c563000000,0x000000c563100000] [id=14944]
  0x000001c5b4a9dc70 GCTaskThread "GC Thread#0" [stack: 0x000000c562000000,0x000000c562100000] [id=12088]
  0x000001c61d6a2700 GCTaskThread "GC Thread#1" [stack: 0x000000c563500000,0x000000c563600000] [id=8496]
  0x000001c61d6a29c0 GCTaskThread "GC Thread#2" [stack: 0x000000c563600000,0x000000c563700000] [id=9508]
  0x000001c61d6a2c80 GCTaskThread "GC Thread#3" [stack: 0x000000c563700000,0x000000c563800000] [id=23368]
  0x000001c61d6a2f40 GCTaskThread "GC Thread#4" [stack: 0x000000c563800000,0x000000c563900000] [id=25524]
  0x000001c61d7e0730 GCTaskThread "GC Thread#5" [stack: 0x000000c563900000,0x000000c563a00000] [id=13408]
  0x000001c61da4ec80 GCTaskThread "GC Thread#6" [stack: 0x000000c563a00000,0x000000c563b00000] [id=7892]
  0x000001c61d8e0870 GCTaskThread "GC Thread#7" [stack: 0x000000c563b00000,0x000000c563c00000] [id=23796]
  0x000001c61d8e0b30 GCTaskThread "GC Thread#8" [stack: 0x000000c563c00000,0x000000c563d00000] [id=21832]
  0x000001c61d8e0df0 GCTaskThread "GC Thread#9" [stack: 0x000000c563d00000,0x000000c563e00000] [id=23824]
  0x000001c5b4aaff60 ConcurrentGCThread "G1 Main Marker" [stack: 0x000000c562100000,0x000000c562200000] [id=14292]
  0x000001c5b4ab0780 ConcurrentGCThread "G1 Conc#0" [stack: 0x000000c562200000,0x000000c562300000] [id=20768]
  0x000001c5b4afe630 ConcurrentGCThread "G1 Refine#0" [stack: 0x000000c562300000,0x000000c562400000] [id=11364]
  0x000001c5d75444f0 ConcurrentGCThread "G1 Service" [stack: 0x000000c562400000,0x000000c562500000] [id=7428]

Threads with active compile tasks:
C2 CompilerThread0     1149 1633       4       java.lang.invoke.MethodType::makeImpl (109 bytes)
C1 CompilerThread0     1149 1656   !   3       sun.reflect.generics.factory.CoreReflectionFactory::makeNamedType (21 bytes)
C2 CompilerThread1     1149 1609       4       jdk.internal.org.objectweb.asm.Frame::execute (2305 bytes)

VM state: not at safepoint (normal execution)

VM Mutex/Monitor currently owned by a thread:  ([mutex/lock_event])
[0x000001c5b4a325d0] Metaspace_lock - owner thread: 0x000001c5b4a35e20

Heap address: 0x000000070a800000, size: 3928 MB, Compressed Oops mode: Zero based, Oop shift amount: 3

CDS archive(s) mapped at: [0x000001c5d8000000-0x000001c5d8bd0000-0x000001c5d8bd0000), size 12386304, SharedBaseAddress: 0x000001c5d8000000, ArchiveRelocationMode: 1.
Compressed class space mapped at: 0x000001c5d9000000-0x000001c619000000, reserved size: 1073741824
Narrow klass base: 0x000001c5d8000000, Narrow klass shift: 0, Narrow klass range: 0x100000000

GC Precious Log:
 CPUs: 12 total, 12 available
 Memory: 15706M
 Large Page Support: Disabled
 NUMA Support: Disabled
 Compressed Oops: Enabled (Zero based)
 Heap Region Size: 2M
 Heap Min Capacity: 8M
 Heap Initial Capacity: 246M
 Heap Max Capacity: 3928M
 Pre-touch: Disabled
 Parallel Workers: 10
 Concurrent Workers: 3
 Concurrent Refinement Workers: 10
 Periodic GC: Disabled

Heap:
 garbage-first heap   total 251904K, used 17222K [0x000000070a800000, 0x0000000800000000)
  region size 2048K, 5 young (10240K), 1 survivors (2048K)
 Metaspace       used 10545K, committed 10752K, reserved 1114112K
  class space    used 1316K, committed 1408K, reserved 1048576K

Heap Regions: E=young(eden), S=young(survivor), O=old, HS=humongous(starts), HC=humongous(continues), CS=collection set, F=free, OA=open archive, CA=closed archive, TAMS=top-at-mark-start (previous, next)
|   0|0x000000070a800000, 0x000000070aa00000, 0x000000070aa00000|100%| O|  |TAMS 0x000000070a800000, 0x000000070a800000| Untracked 
|   1|0x000000070aa00000, 0x000000070ac00000, 0x000000070ac00000|100%| O|  |TAMS 0x000000070aa00000, 0x000000070aa00000| Untracked 
|   2|0x000000070ac00000, 0x000000070ae00000, 0x000000070ae00000|100%| O|  |TAMS 0x000000070ac00000, 0x000000070ac00000| Untracked 
|   3|0x000000070ae00000, 0x000000070b000000, 0x000000070b000000|100%| O|  |TAMS 0x000000070ae00000, 0x000000070ae00000| Untracked 
|   4|0x000000070b000000, 0x000000070b138200, 0x000000070b200000| 60%| O|  |TAMS 0x000000070b000000, 0x000000070b000000| Untracked 
|   5|0x000000070b200000, 0x000000070b200000, 0x000000070b400000|  0%| F|  |TAMS 0x000000070b200000, 0x000000070b200000| Untracked 
|   6|0x000000070b400000, 0x000000070b400000, 0x000000070b600000|  0%| F|  |TAMS 0x000000070b400000, 0x000000070b400000| Untracked 
|   7|0x000000070b600000, 0x000000070b600000, 0x000000070b800000|  0%| F|  |TAMS 0x000000070b600000, 0x000000070b600000| Untracked 
|   8|0x000000070b800000, 0x000000070b800000, 0x000000070ba00000|  0%| F|  |TAMS 0x000000070b800000, 0x000000070b800000| Untracked 
|   9|0x000000070ba00000, 0x000000070ba00000, 0x000000070bc00000|  0%| F|  |TAMS 0x000000070ba00000, 0x000000070ba00000| Untracked 
|  10|0x000000070bc00000, 0x000000070bc00000, 0x000000070be00000|  0%| F|  |TAMS 0x000000070bc00000, 0x000000070bc00000| Untracked 
|  11|0x000000070be00000, 0x000000070be00000, 0x000000070c000000|  0%| F|  |TAMS 0x000000070be00000, 0x000000070be00000| Untracked 
|  12|0x000000070c000000, 0x000000070c000000, 0x000000070c200000|  0%| F|  |TAMS 0x000000070c000000, 0x000000070c000000| Untracked 
|  13|0x000000070c200000, 0x000000070c200000, 0x000000070c400000|  0%| F|  |TAMS 0x000000070c200000, 0x000000070c200000| Untracked 
|  14|0x000000070c400000, 0x000000070c400000, 0x000000070c600000|  0%| F|  |TAMS 0x000000070c400000, 0x000000070c400000| Untracked 
|  15|0x000000070c600000, 0x000000070c600000, 0x000000070c800000|  0%| F|  |TAMS 0x000000070c600000, 0x000000070c600000| Untracked 
|  16|0x000000070c800000, 0x000000070c800000, 0x000000070ca00000|  0%| F|  |TAMS 0x000000070c800000, 0x000000070c800000| Untracked 
|  17|0x000000070ca00000, 0x000000070ca00000, 0x000000070cc00000|  0%| F|  |TAMS 0x000000070ca00000, 0x000000070ca00000| Untracked 
|  18|0x000000070cc00000, 0x000000070cc00000, 0x000000070ce00000|  0%| F|  |TAMS 0x000000070cc00000, 0x000000070cc00000| Untracked 
|  19|0x000000070ce00000, 0x000000070ce00000, 0x000000070d000000|  0%| F|  |TAMS 0x000000070ce00000, 0x000000070ce00000| Untracked 
|  20|0x000000070d000000, 0x000000070d000000, 0x000000070d200000|  0%| F|  |TAMS 0x000000070d000000, 0x000000070d000000| Untracked 
|  21|0x000000070d200000, 0x000000070d200000, 0x000000070d400000|  0%| F|  |TAMS 0x000000070d200000, 0x000000070d200000| Untracked 
|  22|0x000000070d400000, 0x000000070d400000, 0x000000070d600000|  0%| F|  |TAMS 0x000000070d400000, 0x000000070d400000| Untracked 
|  23|0x000000070d600000, 0x000000070d600000, 0x000000070d800000|  0%| F|  |TAMS 0x000000070d600000, 0x000000070d600000| Untracked 
|  24|0x000000070d800000, 0x000000070d800000, 0x000000070da00000|  0%| F|  |TAMS 0x000000070d800000, 0x000000070d800000| Untracked 
|  25|0x000000070da00000, 0x000000070da00000, 0x000000070dc00000|  0%| F|  |TAMS 0x000000070da00000, 0x000000070da00000| Untracked 
|  26|0x000000070dc00000, 0x000000070dc00000, 0x000000070de00000|  0%| F|  |TAMS 0x000000070dc00000, 0x000000070dc00000| Untracked 
|  27|0x000000070de00000, 0x000000070de00000, 0x000000070e000000|  0%| F|  |TAMS 0x000000070de00000, 0x000000070de00000| Untracked 
|  28|0x000000070e000000, 0x000000070e000000, 0x000000070e200000|  0%| F|  |TAMS 0x000000070e000000, 0x000000070e000000| Untracked 
|  29|0x000000070e200000, 0x000000070e200000, 0x000000070e400000|  0%| F|  |TAMS 0x000000070e200000, 0x000000070e200000| Untracked 
|  30|0x000000070e400000, 0x000000070e400000, 0x000000070e600000|  0%| F|  |TAMS 0x000000070e400000, 0x000000070e400000| Untracked 
|  31|0x000000070e600000, 0x000000070e600000, 0x000000070e800000|  0%| F|  |TAMS 0x000000070e600000, 0x000000070e600000| Untracked 
|  32|0x000000070e800000, 0x000000070e800000, 0x000000070ea00000|  0%| F|  |TAMS 0x000000070e800000, 0x000000070e800000| Untracked 
|  33|0x000000070ea00000, 0x000000070ea00000, 0x000000070ec00000|  0%| F|  |TAMS 0x000000070ea00000, 0x000000070ea00000| Untracked 
|  34|0x000000070ec00000, 0x000000070ec00000, 0x000000070ee00000|  0%| F|  |TAMS 0x000000070ec00000, 0x000000070ec00000| Untracked 
|  35|0x000000070ee00000, 0x000000070ee00000, 0x000000070f000000|  0%| F|  |TAMS 0x000000070ee00000, 0x000000070ee00000| Untracked 
|  36|0x000000070f000000, 0x000000070f000000, 0x000000070f200000|  0%| F|  |TAMS 0x000000070f000000, 0x000000070f000000| Untracked 
|  37|0x000000070f200000, 0x000000070f200000, 0x000000070f400000|  0%| F|  |TAMS 0x000000070f200000, 0x000000070f200000| Untracked 
|  38|0x000000070f400000, 0x000000070f400000, 0x000000070f600000|  0%| F|  |TAMS 0x000000070f400000, 0x000000070f400000| Untracked 
|  39|0x000000070f600000, 0x000000070f600000, 0x000000070f800000|  0%| F|  |TAMS 0x000000070f600000, 0x000000070f600000| Untracked 
|  40|0x000000070f800000, 0x000000070f800000, 0x000000070fa00000|  0%| F|  |TAMS 0x000000070f800000, 0x000000070f800000| Untracked 
|  41|0x000000070fa00000, 0x000000070fa00000, 0x000000070fc00000|  0%| F|  |TAMS 0x000000070fa00000, 0x000000070fa00000| Untracked 
|  42|0x000000070fc00000, 0x000000070fc00000, 0x000000070fe00000|  0%| F|  |TAMS 0x000000070fc00000, 0x000000070fc00000| Untracked 
|  43|0x000000070fe00000, 0x000000070fe00000, 0x0000000710000000|  0%| F|  |TAMS 0x000000070fe00000, 0x000000070fe00000| Untracked 
|  44|0x0000000710000000, 0x0000000710000000, 0x0000000710200000|  0%| F|  |TAMS 0x0000000710000000, 0x0000000710000000| Untracked 
|  45|0x0000000710200000, 0x0000000710200000, 0x0000000710400000|  0%| F|  |TAMS 0x0000000710200000, 0x0000000710200000| Untracked 
|  46|0x0000000710400000, 0x0000000710400000, 0x0000000710600000|  0%| F|  |TAMS 0x0000000710400000, 0x0000000710400000| Untracked 
|  47|0x0000000710600000, 0x0000000710600000, 0x0000000710800000|  0%| F|  |TAMS 0x0000000710600000, 0x0000000710600000| Untracked 
|  48|0x0000000710800000, 0x0000000710800000, 0x0000000710a00000|  0%| F|  |TAMS 0x0000000710800000, 0x0000000710800000| Untracked 
|  49|0x0000000710a00000, 0x0000000710a00000, 0x0000000710c00000|  0%| F|  |TAMS 0x0000000710a00000, 0x0000000710a00000| Untracked 
|  50|0x0000000710c00000, 0x0000000710c00000, 0x0000000710e00000|  0%| F|  |TAMS 0x0000000710c00000, 0x0000000710c00000| Untracked 
|  51|0x0000000710e00000, 0x0000000710e00000, 0x0000000711000000|  0%| F|  |TAMS 0x0000000710e00000, 0x0000000710e00000| Untracked 
|  52|0x0000000711000000, 0x0000000711000000, 0x0000000711200000|  0%| F|  |TAMS 0x0000000711000000, 0x0000000711000000| Untracked 
|  53|0x0000000711200000, 0x0000000711200000, 0x0000000711400000|  0%| F|  |TAMS 0x0000000711200000, 0x0000000711200000| Untracked 
|  54|0x0000000711400000, 0x0000000711400000, 0x0000000711600000|  0%| F|  |TAMS 0x0000000711400000, 0x0000000711400000| Untracked 
|  55|0x0000000711600000, 0x0000000711600000, 0x0000000711800000|  0%| F|  |TAMS 0x0000000711600000, 0x0000000711600000| Untracked 
|  56|0x0000000711800000, 0x0000000711800000, 0x0000000711a00000|  0%| F|  |TAMS 0x0000000711800000, 0x0000000711800000| Untracked 
|  57|0x0000000711a00000, 0x0000000711a00000, 0x0000000711c00000|  0%| F|  |TAMS 0x0000000711a00000, 0x0000000711a00000| Untracked 
|  58|0x0000000711c00000, 0x0000000711c00000, 0x0000000711e00000|  0%| F|  |TAMS 0x0000000711c00000, 0x0000000711c00000| Untracked 
|  59|0x0000000711e00000, 0x0000000711e00000, 0x0000000712000000|  0%| F|  |TAMS 0x0000000711e00000, 0x0000000711e00000| Untracked 
|  60|0x0000000712000000, 0x0000000712000000, 0x0000000712200000|  0%| F|  |TAMS 0x0000000712000000, 0x0000000712000000| Untracked 
|  61|0x0000000712200000, 0x0000000712200000, 0x0000000712400000|  0%| F|  |TAMS 0x0000000712200000, 0x0000000712200000| Untracked 
|  62|0x0000000712400000, 0x0000000712400000, 0x0000000712600000|  0%| F|  |TAMS 0x0000000712400000, 0x0000000712400000| Untracked 
|  63|0x0000000712600000, 0x0000000712600000, 0x0000000712800000|  0%| F|  |TAMS 0x0000000712600000, 0x0000000712600000| Untracked 
|  64|0x0000000712800000, 0x0000000712800000, 0x0000000712a00000|  0%| F|  |TAMS 0x0000000712800000, 0x0000000712800000| Untracked 
|  65|0x0000000712a00000, 0x0000000712a00000, 0x0000000712c00000|  0%| F|  |TAMS 0x0000000712a00000, 0x0000000712a00000| Untracked 
|  66|0x0000000712c00000, 0x0000000712c00000, 0x0000000712e00000|  0%| F|  |TAMS 0x0000000712c00000, 0x0000000712c00000| Untracked 
|  67|0x0000000712e00000, 0x0000000712e00000, 0x0000000713000000|  0%| F|  |TAMS 0x0000000712e00000, 0x0000000712e00000| Untracked 
|  68|0x0000000713000000, 0x0000000713000000, 0x0000000713200000|  0%| F|  |TAMS 0x0000000713000000, 0x0000000713000000| Untracked 
|  69|0x0000000713200000, 0x0000000713200000, 0x0000000713400000|  0%| F|  |TAMS 0x0000000713200000, 0x0000000713200000| Untracked 
|  70|0x0000000713400000, 0x0000000713400000, 0x0000000713600000|  0%| F|  |TAMS 0x0000000713400000, 0x0000000713400000| Untracked 
|  71|0x0000000713600000, 0x0000000713600000, 0x0000000713800000|  0%| F|  |TAMS 0x0000000713600000, 0x0000000713600000| Untracked 
|  72|0x0000000713800000, 0x0000000713800000, 0x0000000713a00000|  0%| F|  |TAMS 0x0000000713800000, 0x0000000713800000| Untracked 
|  73|0x0000000713a00000, 0x0000000713a00000, 0x0000000713c00000|  0%| F|  |TAMS 0x0000000713a00000, 0x0000000713a00000| Untracked 
|  74|0x0000000713c00000, 0x0000000713c00000, 0x0000000713e00000|  0%| F|  |TAMS 0x0000000713c00000, 0x0000000713c00000| Untracked 
|  75|0x0000000713e00000, 0x0000000713e00000, 0x0000000714000000|  0%| F|  |TAMS 0x0000000713e00000, 0x0000000713e00000| Untracked 
|  76|0x0000000714000000, 0x0000000714000000, 0x0000000714200000|  0%| F|  |TAMS 0x0000000714000000, 0x0000000714000000| Untracked 
|  77|0x0000000714200000, 0x0000000714200000, 0x0000000714400000|  0%| F|  |TAMS 0x0000000714200000, 0x0000000714200000| Untracked 
|  78|0x0000000714400000, 0x0000000714400000, 0x0000000714600000|  0%| F|  |TAMS 0x0000000714400000, 0x0000000714400000| Untracked 
|  79|0x0000000714600000, 0x0000000714600000, 0x0000000714800000|  0%| F|  |TAMS 0x0000000714600000, 0x0000000714600000| Untracked 
|  80|0x0000000714800000, 0x0000000714800000, 0x0000000714a00000|  0%| F|  |TAMS 0x0000000714800000, 0x0000000714800000| Untracked 
|  81|0x0000000714a00000, 0x0000000714a00000, 0x0000000714c00000|  0%| F|  |TAMS 0x0000000714a00000, 0x0000000714a00000| Untracked 
|  82|0x0000000714c00000, 0x0000000714c00000, 0x0000000714e00000|  0%| F|  |TAMS 0x0000000714c00000, 0x0000000714c00000| Untracked 
|  83|0x0000000714e00000, 0x0000000714e00000, 0x0000000715000000|  0%| F|  |TAMS 0x0000000714e00000, 0x0000000714e00000| Untracked 
|  84|0x0000000715000000, 0x0000000715000000, 0x0000000715200000|  0%| F|  |TAMS 0x0000000715000000, 0x0000000715000000| Untracked 
|  85|0x0000000715200000, 0x0000000715200000, 0x0000000715400000|  0%| F|  |TAMS 0x0000000715200000, 0x0000000715200000| Untracked 
|  86|0x0000000715400000, 0x0000000715400000, 0x0000000715600000|  0%| F|  |TAMS 0x0000000715400000, 0x0000000715400000| Untracked 
|  87|0x0000000715600000, 0x0000000715600000, 0x0000000715800000|  0%| F|  |TAMS 0x0000000715600000, 0x0000000715600000| Untracked 
|  88|0x0000000715800000, 0x0000000715800000, 0x0000000715a00000|  0%| F|  |TAMS 0x0000000715800000, 0x0000000715800000| Untracked 
|  89|0x0000000715a00000, 0x0000000715a00000, 0x0000000715c00000|  0%| F|  |TAMS 0x0000000715a00000, 0x0000000715a00000| Untracked 
|  90|0x0000000715c00000, 0x0000000715c00000, 0x0000000715e00000|  0%| F|  |TAMS 0x0000000715c00000, 0x0000000715c00000| Untracked 
|  91|0x0000000715e00000, 0x0000000715e00000, 0x0000000716000000|  0%| F|  |TAMS 0x0000000715e00000, 0x0000000715e00000| Untracked 
|  92|0x0000000716000000, 0x0000000716000000, 0x0000000716200000|  0%| F|  |TAMS 0x0000000716000000, 0x0000000716000000| Untracked 
|  93|0x0000000716200000, 0x0000000716200000, 0x0000000716400000|  0%| F|  |TAMS 0x0000000716200000, 0x0000000716200000| Untracked 
|  94|0x0000000716400000, 0x0000000716400000, 0x0000000716600000|  0%| F|  |TAMS 0x0000000716400000, 0x0000000716400000| Untracked 
|  95|0x0000000716600000, 0x0000000716600000, 0x0000000716800000|  0%| F|  |TAMS 0x0000000716600000, 0x0000000716600000| Untracked 
|  96|0x0000000716800000, 0x0000000716800000, 0x0000000716a00000|  0%| F|  |TAMS 0x0000000716800000, 0x0000000716800000| Untracked 
|  97|0x0000000716a00000, 0x0000000716a00000, 0x0000000716c00000|  0%| F|  |TAMS 0x0000000716a00000, 0x0000000716a00000| Untracked 
|  98|0x0000000716c00000, 0x0000000716c00000, 0x0000000716e00000|  0%| F|  |TAMS 0x0000000716c00000, 0x0000000716c00000| Untracked 
|  99|0x0000000716e00000, 0x0000000716e00000, 0x0000000717000000|  0%| F|  |TAMS 0x0000000716e00000, 0x0000000716e00000| Untracked 
| 100|0x0000000717000000, 0x0000000717000000, 0x0000000717200000|  0%| F|  |TAMS 0x0000000717000000, 0x0000000717000000| Untracked 
| 101|0x0000000717200000, 0x0000000717200000, 0x0000000717400000|  0%| F|  |TAMS 0x0000000717200000, 0x0000000717200000| Untracked 
| 102|0x0000000717400000, 0x0000000717400000, 0x0000000717600000|  0%| F|  |TAMS 0x0000000717400000, 0x0000000717400000| Untracked 
| 103|0x0000000717600000, 0x0000000717600000, 0x0000000717800000|  0%| F|  |TAMS 0x0000000717600000, 0x0000000717600000| Untracked 
| 104|0x0000000717800000, 0x0000000717800000, 0x0000000717a00000|  0%| F|  |TAMS 0x0000000717800000, 0x0000000717800000| Untracked 
| 105|0x0000000717a00000, 0x0000000717a00000, 0x0000000717c00000|  0%| F|  |TAMS 0x0000000717a00000, 0x0000000717a00000| Untracked 
| 106|0x0000000717c00000, 0x0000000717c00000, 0x0000000717e00000|  0%| F|  |TAMS 0x0000000717c00000, 0x0000000717c00000| Untracked 
| 107|0x0000000717e00000, 0x0000000717e00000, 0x0000000718000000|  0%| F|  |TAMS 0x0000000717e00000, 0x0000000717e00000| Untracked 
| 108|0x0000000718000000, 0x0000000718000000, 0x0000000718200000|  0%| F|  |TAMS 0x0000000718000000, 0x0000000718000000| Untracked 
| 109|0x0000000718200000, 0x0000000718200000, 0x0000000718400000|  0%| F|  |TAMS 0x0000000718200000, 0x0000000718200000| Untracked 
| 110|0x0000000718400000, 0x0000000718400000, 0x0000000718600000|  0%| F|  |TAMS 0x0000000718400000, 0x0000000718400000| Untracked 
| 111|0x0000000718600000, 0x0000000718600000, 0x0000000718800000|  0%| F|  |TAMS 0x0000000718600000, 0x0000000718600000| Untracked 
| 112|0x0000000718800000, 0x0000000718800000, 0x0000000718a00000|  0%| F|  |TAMS 0x0000000718800000, 0x0000000718800000| Untracked 
| 113|0x0000000718a00000, 0x0000000718b998a0, 0x0000000718c00000| 79%| S|CS|TAMS 0x0000000718a00000, 0x0000000718a00000| Complete 
| 114|0x0000000718c00000, 0x0000000718c00000, 0x0000000718e00000|  0%| F|  |TAMS 0x0000000718c00000, 0x0000000718c00000| Untracked 
| 115|0x0000000718e00000, 0x0000000718e00000, 0x0000000719000000|  0%| F|  |TAMS 0x0000000718e00000, 0x0000000718e00000| Untracked 
| 116|0x0000000719000000, 0x0000000719000000, 0x0000000719200000|  0%| F|  |TAMS 0x0000000719000000, 0x0000000719000000| Untracked 
| 117|0x0000000719200000, 0x0000000719200000, 0x0000000719400000|  0%| F|  |TAMS 0x0000000719200000, 0x0000000719200000| Untracked 
| 118|0x0000000719400000, 0x0000000719400000, 0x0000000719600000|  0%| F|  |TAMS 0x0000000719400000, 0x0000000719400000| Untracked 
| 119|0x0000000719600000, 0x0000000719700800, 0x0000000719800000| 50%| E|  |TAMS 0x0000000719600000, 0x0000000719600000| Complete 
| 120|0x0000000719800000, 0x0000000719a00000, 0x0000000719a00000|100%| E|CS|TAMS 0x0000000719800000, 0x0000000719800000| Complete 
| 121|0x0000000719a00000, 0x0000000719c00000, 0x0000000719c00000|100%| E|CS|TAMS 0x0000000719a00000, 0x0000000719a00000| Complete 
| 122|0x0000000719c00000, 0x0000000719e00000, 0x0000000719e00000|100%| E|CS|TAMS 0x0000000719c00000, 0x0000000719c00000| Complete 

Card table byte_map: [0x000001c5cbff0000,0x000001c5cc7a0000] _byte_map_base: 0x000001c5c879c000

Marking Bits (Prev, Next): (CMBitMap*) 0x000001c5b4aa00b0, (CMBitMap*) 0x000001c5b4aa00f0
 Prev Bits: [0x000001c5ccf50000, 0x000001c5d0cb0000)
 Next Bits: [0x000001c5d0cb0000, 0x000001c5d4a10000)

Polling page: 0x000001c5b2970000

Metaspace:

Usage:
  Non-class:      9.02 MB used.
      Class:      1.29 MB used.
       Both:     10.31 MB used.

Virtual space:
  Non-class space:       64.00 MB reserved,       9.12 MB ( 14%) committed,  1 nodes.
      Class space:        1.00 GB reserved,       1.38 MB ( <1%) committed,  1 nodes.
             Both:        1.06 GB reserved,      10.50 MB ( <1%) committed. 

Chunk freelists:
   Non-Class:  6.44 MB
       Class:  14.64 MB
        Both:  21.08 MB

MaxMetaspaceSize: unlimited
CompressedClassSpaceSize: 1.00 GB
Initial GC threshold: 21.00 MB
Current GC threshold: 21.00 MB
CDS: on
MetaspaceReclaimPolicy: balanced
 - commit_granule_bytes: 65536.
 - commit_granule_words: 8192.
 - virtual_space_node_default_size: 8388608.
 - enlarge_chunks_in_place: 1.
 - new_chunks_are_fully_committed: 0.
 - uncommit_free_chunks: 1.
 - use_allocation_guard: 0.
 - handle_deallocations: 1.


Internal statistics:

num_allocs_failed_limit: 0.
num_arena_births: 168.
num_arena_deaths: 0.
num_vsnodes_births: 2.
num_vsnodes_deaths: 0.
num_space_committed: 168.
num_space_uncommitted: 0.
num_chunks_returned_to_freelist: 0.
num_chunks_taken_from_freelist: 550.
num_chunk_merges: 0.
num_chunk_splits: 326.
num_chunks_enlarged: 220.
num_inconsistent_stats: 0.

CodeHeap 'non-profiled nmethods': size=120000Kb used=644Kb max_used=644Kb free=119355Kb
 bounds [0x000001c5c3da0000, 0x000001c5c4010000, 0x000001c5cb2d0000]
CodeHeap 'profiled nmethods': size=120000Kb used=3343Kb max_used=3343Kb free=116656Kb
 bounds [0x000001c5bc2d0000, 0x000001c5bc620000, 0x000001c5c3800000]
CodeHeap 'non-nmethods': size=5760Kb used=1183Kb max_used=1215Kb free=4576Kb
 bounds [0x000001c5c3800000, 0x000001c5c3a70000, 0x000001c5c3da0000]
 total_blobs=2138 nmethods=1655 adapters=396
 compilation: enabled
              stopped_count=0, restarted_count=0
 full_count=0

Compilation events (20 events):
Event: 1.083 Thread 0x000001c5d76a9bc0 nmethod 1631 0x000001c5bc605890 code [0x000001c5bc605a40, 0x000001c5bc605ba8]
Event: 1.083 Thread 0x000001c5d76a9bc0 1632       1       org.springframework.core.annotation.AnnotationTypeMapping::getAttributes (5 bytes)
Event: 1.084 Thread 0x000001c5d76a9bc0 nmethod 1632 0x000001c5c3e40490 code [0x000001c5c3e40620, 0x000001c5c3e406f8]
Event: 1.087 Thread 0x000001c5d76a9200 1633       4       java.lang.invoke.MethodType::makeImpl (109 bytes)
Event: 1.087 Thread 0x000001c5d76a9bc0 1634       3       java.lang.invoke.BoundMethodHandle::bindArgumentL (11 bytes)
Event: 1.088 Thread 0x000001c5d76a9bc0 nmethod 1634 0x000001c5bc605c90 code [0x000001c5bc605e80, 0x000001c5bc606378]
Event: 1.088 Thread 0x000001c5d76a9bc0 1635       3       java.lang.invoke.LambdaFormEditor::bindArgumentL (59 bytes)
Event: 1.088 Thread 0x000001c5d76a9bc0 nmethod 1635 0x000001c5bc606590 code [0x000001c5bc606760, 0x000001c5bc606a08]
Event: 1.088 Thread 0x000001c5d76a9bc0 1636       3       java.lang.invoke.Invokers$Holder::linkToTargetMethod (10 bytes)
Event: 1.089 Thread 0x000001c5d76a9bc0 nmethod 1636 0x000001c5bc606b10 code [0x000001c5bc606cc0, 0x000001c5bc607118]
Event: 1.112 Thread 0x000001c5d76a9bc0 1639       3       sun.reflect.generics.parser.SignatureParser::current (59 bytes)
Event: 1.113 Thread 0x000001c5d76a9bc0 nmethod 1639 0x000001c5bc607210 code [0x000001c5bc607420, 0x000001c5bc607b78]
Event: 1.113 Thread 0x000001c5d76a9bc0 1640       3       java.util.ArrayList::toArray (57 bytes)
Event: 1.113 Thread 0x000001c5d76a9bc0 nmethod 1640 0x000001c5bc607e10 code [0x000001c5bc607fe0, 0x000001c5bc608578]
Event: 1.117 Thread 0x000001c5d76a9bc0 1641       3       sun.reflect.generics.tree.SimpleClassTypeSignature::make (11 bytes)
Event: 1.118 Thread 0x000001c5d76a9bc0 nmethod 1641 0x000001c5bc608690 code [0x000001c5bc608840, 0x000001c5bc608b18]
Event: 1.118 Thread 0x000001c5d76a9bc0 1642   !   3       org.springframework.util.ConcurrentReferenceHashMap$Segment::clear (69 bytes)
Event: 1.118 Thread 0x000001c5d76a9bc0 nmethod 1642 0x000001c5bc608c10 code [0x000001c5bc608e60, 0x000001c5bc6099f8]
Event: 1.125 Thread 0x000001c5d76a9bc0 1643       1       java.lang.invoke.VarHandle::isDirect (2 bytes)
Event: 1.126 Thread 0x000001c5d76a9bc0 nmethod 1643 0x000001c5c3e40a90 code [0x000001c5c3e40c20, 0x000001c5c3e40cf8]

GC Heap History (4 events):
Event: 0.481 GC heap before
{Heap before GC invocations=0 (full 0):
 garbage-first heap   total 251904K, used 22528K [0x000000070a800000, 0x0000000800000000)
  region size 2048K, 11 young (22528K), 0 survivors (0K)
 Metaspace       used 3821K, committed 3904K, reserved 1114112K
  class space    used 418K, committed 448K, reserved 1048576K
}
Event: 0.487 GC heap after
{Heap after GC invocations=1 (full 0):
 garbage-first heap   total 251904K, used 9328K [0x000000070a800000, 0x0000000800000000)
  region size 2048K, 2 young (4096K), 2 survivors (4096K)
 Metaspace       used 3821K, committed 3904K, reserved 1114112K
  class space    used 418K, committed 448K, reserved 1048576K
}
Event: 1.015 GC heap before
{Heap before GC invocations=1 (full 0):
 garbage-first heap   total 251904K, used 27760K [0x000000070a800000, 0x0000000800000000)
  region size 2048K, 11 young (22528K), 2 survivors (4096K)
 Metaspace       used 8912K, committed 9088K, reserved 1114112K
  class space    used 1103K, committed 1152K, reserved 1048576K
}
Event: 1.020 GC heap after
{Heap after GC invocations=2 (full 0):
 garbage-first heap   total 251904K, used 11078K [0x000000070a800000, 0x0000000800000000)
  region size 2048K, 1 young (2048K), 1 survivors (2048K)
 Metaspace       used 8912K, committed 9088K, reserved 1114112K
  class space    used 1103K, committed 1152K, reserved 1048576K
}

Deoptimization events (20 events):
Event: 1.041 Thread 0x000001c5b4a35e20 Uncommon trap: trap_request=0xffffff45 fr.pc=0x000001c5c3dda6b8 relative=0x0000000000000218
Event: 1.041 Thread 0x000001c5b4a35e20 Uncommon trap: reason=unstable_if action=reinterpret pc=0x000001c5c3dda6b8 method=java.util.zip.ZipCoder.hash(Ljava/lang/String;)I @ 23 c2
Event: 1.041 Thread 0x000001c5b4a35e20 DEOPT PACKING pc=0x000001c5c3dda6b8 sp=0x000000c561ffc6a0
Event: 1.041 Thread 0x000001c5b4a35e20 DEOPT UNPACKING pc=0x000001c5c38523a3 sp=0x000000c561ffc638 mode 2
Event: 1.041 Thread 0x000001c5b4a35e20 Uncommon trap: trap_request=0xffffff45 fr.pc=0x000001c5c3e03110 relative=0x0000000000002370
Event: 1.041 Thread 0x000001c5b4a35e20 Uncommon trap: reason=unstable_if action=reinterpret pc=0x000001c5c3e03110 method=java.io.WinNTFileSystem.normalize(Ljava/lang/String;)Ljava/lang/String; @ 128 c2
Event: 1.041 Thread 0x000001c5b4a35e20 DEOPT PACKING pc=0x000001c5c3e03110 sp=0x000000c561ffc650
Event: 1.041 Thread 0x000001c5b4a35e20 DEOPT UNPACKING pc=0x000001c5c38523a3 sp=0x000000c561ffc638 mode 2
Event: 1.043 Thread 0x000001c5b4a35e20 Uncommon trap: trap_request=0xffffff45 fr.pc=0x000001c5c3dbc8c0 relative=0x0000000000000040
Event: 1.043 Thread 0x000001c5b4a35e20 Uncommon trap: reason=unstable_if action=reinterpret pc=0x000001c5c3dbc8c0 method=sun.nio.fs.WindowsPathParser.isSlash(C)Z @ 9 c2
Event: 1.043 Thread 0x000001c5b4a35e20 DEOPT PACKING pc=0x000001c5c3dbc8c0 sp=0x000000c561ffc950
Event: 1.043 Thread 0x000001c5b4a35e20 DEOPT UNPACKING pc=0x000001c5c38523a3 sp=0x000000c561ffc8d8 mode 2
Event: 1.074 Thread 0x000001c5b4a35e20 Uncommon trap: trap_request=0xffffff45 fr.pc=0x000001c5c3e0a7fc relative=0x00000000000002dc
Event: 1.074 Thread 0x000001c5b4a35e20 Uncommon trap: reason=unstable_if action=reinterpret pc=0x000001c5c3e0a7fc method=jdk.internal.org.objectweb.asm.SymbolTable.put(Ljdk/internal/org/objectweb/asm/SymbolTable$Entry;)Ljdk/internal/org/objectweb/asm/SymbolTable$Entry; @ 13 c2
Event: 1.074 Thread 0x000001c5b4a35e20 DEOPT PACKING pc=0x000001c5c3e0a7fc sp=0x000000c561ffb620
Event: 1.074 Thread 0x000001c5b4a35e20 DEOPT UNPACKING pc=0x000001c5c38523a3 sp=0x000000c561ffb5a0 mode 2
Event: 1.112 Thread 0x000001c5b4a35e20 Uncommon trap: trap_request=0xffffff45 fr.pc=0x000001c5c3dfe438 relative=0x0000000000000098
Event: 1.112 Thread 0x000001c5b4a35e20 Uncommon trap: reason=unstable_if action=reinterpret pc=0x000001c5c3dfe438 method=sun.reflect.generics.parser.SignatureParser.current()C @ 39 c2
Event: 1.112 Thread 0x000001c5b4a35e20 DEOPT PACKING pc=0x000001c5c3dfe438 sp=0x000000c561ffb8c0
Event: 1.112 Thread 0x000001c5b4a35e20 DEOPT UNPACKING pc=0x000001c5c38523a3 sp=0x000000c561ffb858 mode 2

Classes unloaded (0 events):
No events

Classes redefined (0 events):
No events

Internal exceptions (20 events):
Event: 0.706 Thread 0x000001c5b4a35e20 Exception <a 'java/lang/NoSuchMethodError'{0x000000071999e8a8}: 'void java.lang.invoke.DirectMethodHandle$Holder.invokeStaticInit(java.lang.Object, java.lang.Object, java.lang.Object, java.lang.Object)'> (0x000000071999e8a8) 
thrown [s\open\src\hotspot\share\interpreter\linkResolver.cpp, line 759]
Event: 0.722 Thread 0x000001c5b4a35e20 Exception <a 'java/lang/NoSuchMethodError'{0x000000071961da30}: 'int java.lang.invoke.DirectMethodHandle$Holder.invokeStaticInit(java.lang.Object, java.lang.Object)'> (0x000000071961da30) 
thrown [s\open\src\hotspot\share\interpreter\linkResolver.cpp, line 759]
Event: 0.767 Thread 0x000001c5b4a35e20 Exception <a 'java/lang/NoSuchMethodError'{0x00000007197a5f98}: 'void java.lang.invoke.DirectMethodHandle$Holder.invokeStatic(java.lang.Object, java.lang.Object)'> (0x00000007197a5f98) 
thrown [s\open\src\hotspot\share\interpreter\linkResolver.cpp, line 759]
Event: 0.809 Thread 0x000001c5b4a35e20 Exception <a 'java/lang/ClassNotFoundException'{0x000000071953e4e8}: javax/smartcardio/CardPermission> (0x000000071953e4e8) 
thrown [s\open\src\hotspot\share\classfile\systemDictionary.cpp, line 256]
Event: 0.812 Thread 0x000001c5b4a35e20 Exception <a 'java/io/FileNotFoundException'{0x000000071954cef0}> (0x000000071954cef0) 
thrown [s\open\src\hotspot\share\prims\jni.cpp, line 516]
Event: 0.827 Thread 0x000001c5b4a35e20 Exception <a 'java/lang/NoSuchMethodError'{0x00000007195cbdf8}: 'java.lang.Object java.lang.invoke.DirectMethodHandle$Holder.invokeSpecial(java.lang.Object, java.lang.Object, java.lang.Object, long, java.lang.Object)'> (0x00000007195cbdf8) 
thrown [s\open\src\hotspot\share\interpreter\linkResolver.cpp, line 759]
Event: 0.827 Thread 0x000001c5b4a35e20 Exception <a 'java/lang/NoSuchMethodError'{0x00000007195cfc70}: 'java.lang.Object java.lang.invoke.Invokers$Holder.linkToTargetMethod(java.lang.Object, long, java.lang.Object, java.lang.Object)'> (0x00000007195cfc70) 
thrown [s\open\src\hotspot\share\interpreter\linkResolver.cpp, line 759]
Event: 0.842 Thread 0x000001c5b4a35e20 Implicit null exception at 0x000001c5c3e136fe to 0x000001c5c3e14af8
Event: 0.842 Thread 0x000001c5b4a35e20 Implicit null exception at 0x000001c5c3e1138f to 0x000001c5c3e11409
Event: 0.907 Thread 0x000001c5b4a35e20 Exception <a 'java/lang/NoSuchMethodError'{0x000000071917f3f0}: 'int java.lang.invoke.DirectMethodHandle$Holder.invokeStaticInit(java.lang.Object, java.lang.Object, java.lang.Object)'> (0x000000071917f3f0) 
thrown [s\open\src\hotspot\share\interpreter\linkResolver.cpp, line 759]
Event: 0.924 Thread 0x000001c5b4a35e20 Exception <a 'java/lang/NoSuchMethodError'{0x0000000718e791d0}: 'int java.lang.invoke.DirectMethodHandle$Holder.invokeInterface(java.lang.Object, java.lang.Object)'> (0x0000000718e791d0) 
thrown [s\open\src\hotspot\share\interpreter\linkResolver.cpp, line 759]
Event: 0.942 Thread 0x000001c5b4a35e20 Exception <a 'java/lang/NoSuchMethodError'{0x0000000718f5b6a8}: 'void java.lang.invoke.DirectMethodHandle$Holder.invokeStaticInit(java.lang.Object, java.lang.Object)'> (0x0000000718f5b6a8) 
thrown [s\open\src\hotspot\share\interpreter\linkResolver.cpp, line 759]
Event: 0.963 Thread 0x000001c5b4a35e20 Exception <a 'java/lang/NoSuchMethodError'{0x0000000718c24858}: 'int java.lang.invoke.DirectMethodHandle$Holder.invokeVirtual(java.lang.Object, java.lang.Object, java.lang.Object)'> (0x0000000718c24858) 
thrown [s\open\src\hotspot\share\interpreter\linkResolver.cpp, line 759]
Event: 1.008 Thread 0x000001c5b4a35e20 Exception <a 'java/lang/IncompatibleClassChangeError'{0x0000000718da04d0}: Found class java.lang.Object, but interface was expected> (0x0000000718da04d0) 
thrown [s\open\src\hotspot\share\interpreter\linkResolver.cpp, line 826]
Event: 1.039 Thread 0x000001c5b4a35e20 Exception <a 'java/lang/NoSuchMethodError'{0x0000000719cf0210}: 'int java.lang.invoke.DirectMethodHandle$Holder.invokeSpecial(java.lang.Object, java.lang.Object, java.lang.Object, java.lang.Object)'> (0x0000000719cf0210) 
thrown [s\open\src\hotspot\share\interpreter\linkResolver.cpp, line 759]
Event: 1.044 Thread 0x000001c5b4a35e20 Exception <a 'sun/nio/fs/WindowsException'{0x0000000719d0e390}> (0x0000000719d0e390) 
thrown [s\open\src\hotspot\share\prims\jni.cpp, line 516]
Event: 1.044 Thread 0x000001c5b4a35e20 Exception <a 'java/lang/NoSuchMethodError'{0x0000000719d0fc38}: 'int java.lang.invoke.DirectMethodHandle$Holder.invokeSpecial(java.lang.Object, java.lang.Object, java.lang.Object, java.lang.Object, java.lang.Object)'> (0x0000000719d0fc38) 
thrown [s\open\src\hotspot\share\interpreter\linkResolver.cpp, line 759]
Event: 1.046 Thread 0x000001c5b4a35e20 Exception <a 'java/lang/NoSuchMethodError'{0x0000000719d18d58}: 'void java.lang.invoke.DirectMethodHandle$Holder.invokeVirtual(java.lang.Object, java.lang.Object)'> (0x0000000719d18d58) 
thrown [s\open\src\hotspot\share\interpreter\linkResolver.cpp, line 759]
Event: 1.050 Thread 0x000001c5b4a35e20 Exception <a 'sun/nio/fs/WindowsException'{0x0000000719d35d98}> (0x0000000719d35d98) 
thrown [s\open\src\hotspot\share\prims\jni.cpp, line 516]
Event: 1.095 Thread 0x000001c5b4a35e20 Exception <a 'java/lang/NoSuchMethodError'{0x0000000719bfcf08}: 'void java.lang.invoke.DirectMethodHandle$Holder.invokeVirtual(java.lang.Object, java.lang.Object, java.lang.Object, java.lang.Object)'> (0x0000000719bfcf08) 
thrown [s\open\src\hotspot\share\interpreter\linkResolver.cpp, line 759]

VM Operations (20 events):
Event: 0.446 Executing VM operation: HandshakeAllThreads
Event: 0.446 Executing VM operation: HandshakeAllThreads done
Event: 0.453 Executing VM operation: HandshakeAllThreads
Event: 0.453 Executing VM operation: HandshakeAllThreads done
Event: 0.481 Executing VM operation: G1CollectForAllocation
Event: 0.487 Executing VM operation: G1CollectForAllocation done
Event: 0.634 Executing VM operation: HandshakeAllThreads
Event: 0.634 Executing VM operation: HandshakeAllThreads done
Event: 0.734 Executing VM operation: HandshakeAllThreads
Event: 0.734 Executing VM operation: HandshakeAllThreads done
Event: 0.786 Executing VM operation: HandshakeAllThreads
Event: 0.786 Executing VM operation: HandshakeAllThreads done
Event: 0.925 Executing VM operation: HandshakeAllThreads
Event: 0.925 Executing VM operation: HandshakeAllThreads done
Event: 1.015 Executing VM operation: G1CollectForAllocation
Event: 1.020 Executing VM operation: G1CollectForAllocation done
Event: 1.023 Executing VM operation: HandshakeAllThreads
Event: 1.023 Executing VM operation: HandshakeAllThreads done
Event: 1.092 Executing VM operation: HandshakeAllThreads
Event: 1.092 Executing VM operation: HandshakeAllThreads done

Events (20 events):
Event: 1.112 loading class java/lang/reflect/TypeVariable
Event: 1.112 loading class java/lang/reflect/TypeVariable done
Event: 1.112 loading class sun/reflect/generics/reflectiveObjects/TypeVariableImpl
Event: 1.112 loading class sun/reflect/generics/reflectiveObjects/LazyReflectiveObjectGenerator
Event: 1.112 loading class sun/reflect/generics/reflectiveObjects/LazyReflectiveObjectGenerator done
Event: 1.112 loading class sun/reflect/generics/reflectiveObjects/TypeVariableImpl done
Event: 1.117 loading class sun/reflect/generics/tree/BottomSignature
Event: 1.117 loading class sun/reflect/generics/tree/BottomSignature done
Event: 1.117 loading class sun/reflect/generics/tree/Wildcard
Event: 1.117 loading class sun/reflect/generics/tree/Wildcard done
Event: 1.117 loading class sun/reflect/generics/reflectiveObjects/WildcardTypeImpl
Event: 1.117 loading class java/lang/reflect/WildcardType
Event: 1.117 loading class java/lang/reflect/WildcardType done
Event: 1.117 loading class sun/reflect/generics/reflectiveObjects/WildcardTypeImpl done
Event: 1.117 loading class sun/reflect/generics/tree/TypeVariableSignature
Event: 1.117 loading class sun/reflect/generics/tree/TypeVariableSignature done
Event: 1.120 loading class java/util/Currency
Event: 1.120 loading class java/util/Currency done
Event: 1.121 loading class java/util/UUID
Event: 1.121 loading class java/util/UUID done


Dynamic libraries:
0x00007ff7ee8e0000 - 0x00007ff7ee8f0000 	C:\Program Files\Java\jdk-17\bin\java.exe
0x00007ffe209f0000 - 0x00007ffe20c07000 	C:\Windows\SYSTEM32\ntdll.dll
0x00007ffe1f510000 - 0x00007ffe1f5d4000 	C:\Windows\System32\KERNEL32.DLL
0x00007ffe1e2b0000 - 0x00007ffe1e681000 	C:\Windows\System32\KERNELBASE.dll
0x00007ffe1dbf0000 - 0x00007ffe1dd01000 	C:\Windows\System32\ucrtbase.dll
0x00007ffe0a2f0000 - 0x00007ffe0a309000 	C:\Program Files\Java\jdk-17\bin\jli.dll
0x00007ffe0c0a0000 - 0x00007ffe0c0bb000 	C:\Program Files\Java\jdk-17\bin\VCRUNTIME140.dll
0x00007ffe1ea50000 - 0x00007ffe1eb01000 	C:\Windows\System32\ADVAPI32.dll
0x00007ffe1f900000 - 0x00007ffe1f9a7000 	C:\Windows\System32\msvcrt.dll
0x00007ffe20560000 - 0x00007ffe20607000 	C:\Windows\System32\sechost.dll
0x00007ffe1e690000 - 0x00007ffe1e6b8000 	C:\Windows\System32\bcrypt.dll
0x00007ffe1eb10000 - 0x00007ffe1ec24000 	C:\Windows\System32\RPCRT4.dll
0x00007ffe1f740000 - 0x00007ffe1f8f1000 	C:\Windows\System32\USER32.dll
0x00007ffe1e280000 - 0x00007ffe1e2a6000 	C:\Windows\System32\win32u.dll
0x00007ffe0ce90000 - 0x00007ffe0d122000 	C:\Windows\WinSxS\amd64_microsoft.windows.common-controls_6595b64144ccf1df_6.0.22621.4830_none_270fe7d773858e80\COMCTL32.dll
0x00007ffe1f9d0000 - 0x00007ffe1f9f9000 	C:\Windows\System32\GDI32.dll
0x00007ffe1dd90000 - 0x00007ffe1deab000 	C:\Windows\System32\gdi32full.dll
0x00007ffe1e1e0000 - 0x00007ffe1e27a000 	C:\Windows\System32\msvcp_win.dll
0x00007ffe15d60000 - 0x00007ffe15d6a000 	C:\Windows\SYSTEM32\VERSION.dll
0x00007ffe1faf0000 - 0x00007ffe1fb21000 	C:\Windows\System32\IMM32.DLL
0x00007ffe15f30000 - 0x00007ffe15f3c000 	C:\Program Files\Java\jdk-17\bin\vcruntime140_1.dll
0x00007ffe05b80000 - 0x00007ffe05c0e000 	C:\Program Files\Java\jdk-17\bin\msvcp140.dll
0x00007ffda97c0000 - 0x00007ffdaa3a1000 	C:\Program Files\Java\jdk-17\bin\server\jvm.dll
0x00007ffe20740000 - 0x00007ffe20748000 	C:\Windows\System32\PSAPI.DLL
0x00007ffe18950000 - 0x00007ffe18984000 	C:\Windows\SYSTEM32\WINMM.dll
0x00007ffe00cf0000 - 0x00007ffe00cf9000 	C:\Windows\SYSTEM32\WSOCK32.dll
0x00007ffe208c0000 - 0x00007ffe20931000 	C:\Windows\System32\WS2_32.dll
0x00007ffe1caf0000 - 0x00007ffe1cb08000 	C:\Windows\SYSTEM32\kernel.appcore.dll
0x00007ffe0c090000 - 0x00007ffe0c09a000 	C:\Program Files\Java\jdk-17\bin\jimage.dll
0x00007ffe10410000 - 0x00007ffe10642000 	C:\Windows\SYSTEM32\DBGHELP.DLL
0x00007ffe1e6c0000 - 0x00007ffe1ea50000 	C:\Windows\System32\combase.dll
0x00007ffe1fa10000 - 0x00007ffe1fae7000 	C:\Windows\System32\OLEAUT32.dll
0x00007ffdf9ce0000 - 0x00007ffdf9d12000 	C:\Windows\SYSTEM32\dbgcore.DLL
0x00007ffe1dd10000 - 0x00007ffe1dd8b000 	C:\Windows\System32\bcryptPrimitives.dll
0x00007ffe07ad0000 - 0x00007ffe07af5000 	C:\Program Files\Java\jdk-17\bin\java.dll
0x00007ffe05aa0000 - 0x00007ffe05b77000 	C:\Program Files\Java\jdk-17\bin\jsvml.dll
0x00007ffe1fcd0000 - 0x00007ffe20558000 	C:\Windows\System32\SHELL32.dll
0x00007ffe1e020000 - 0x00007ffe1e15f000 	C:\Windows\System32\wintypes.dll
0x00007ffe1ba40000 - 0x00007ffe1c34d000 	C:\Windows\SYSTEM32\windows.storage.dll
0x00007ffe207b0000 - 0x00007ffe208ba000 	C:\Windows\System32\SHCORE.dll
0x00007ffe20950000 - 0x00007ffe209ae000 	C:\Windows\System32\shlwapi.dll
0x00007ffe1da60000 - 0x00007ffe1da8b000 	C:\Windows\SYSTEM32\profapi.dll
0x00007ffe05dd0000 - 0x00007ffe05de9000 	C:\Program Files\Java\jdk-17\bin\net.dll
0x00007ffe18d40000 - 0x00007ffe18e6c000 	C:\Windows\SYSTEM32\WINHTTP.dll
0x00007ffe1cfc0000 - 0x00007ffe1d02a000 	C:\Windows\system32\mswsock.dll
0x00007ffe05db0000 - 0x00007ffe05dc6000 	C:\Program Files\Java\jdk-17\bin\nio.dll
0x00007ffe07e40000 - 0x00007ffe07e58000 	C:\Program Files\Java\jdk-17\bin\zip.dll
0x00007ffe0a2e0000 - 0x00007ffe0a2ea000 	C:\Program Files\Java\jdk-17\bin\management.dll
0x00007ffe0a2b0000 - 0x00007ffe0a2bb000 	C:\Program Files\Java\jdk-17\bin\management_ext.dll

dbghelp: loaded successfully - version: 4.0.5 - missing functions: none
symbol engine: initialized successfully - sym options: 0x614 - pdb path: .;C:\Program Files\Java\jdk-17\bin;C:\Windows\SYSTEM32;C:\Windows\WinSxS\amd64_microsoft.windows.common-controls_6595b64144ccf1df_6.0.22621.4830_none_270fe7d773858e80;C:\Program Files\Java\jdk-17\bin\server

VM Arguments:
java_command: C:\Users\ADMIN\AppData\Local\Temp\surefire6698538983994137336\surefirebooter-20250331111412149_3.jar C:\Users\ADMIN\AppData\Local\Temp\surefire6698538983994137336 2025-03-31T11-14-11_938-jvmRun1 surefire-20250331111412149_1tmp surefire_0-20250331111412149_2tmp
java_class_path (initial): C:\Users\ADMIN\AppData\Local\Temp\surefire6698538983994137336\surefirebooter-20250331111412149_3.jar
Launcher Type: SUN_STANDARD

[Global flags]
     intx CICompilerCount                          = 4                                         {product} {ergonomic}
     uint ConcGCThreads                            = 3                                         {product} {ergonomic}
     uint G1ConcRefinementThreads                  = 10                                        {product} {ergonomic}
   size_t G1HeapRegionSize                         = 2097152                                   {product} {ergonomic}
    uintx GCDrainStackTargetSize                   = 64                                        {product} {ergonomic}
   size_t InitialHeapSize                          = 257949696                                 {product} {ergonomic}
   size_t MarkStackSize                            = 4194304                                   {product} {ergonomic}
   size_t MaxHeapSize                              = 4118806528                                {product} {ergonomic}
   size_t MaxNewSize                               = 2470445056                                {product} {ergonomic}
   size_t MinHeapDeltaBytes                        = 2097152                                   {product} {ergonomic}
   size_t MinHeapSize                              = 8388608                                   {product} {ergonomic}
    uintx NonNMethodCodeHeapSize                   = 5839372                                {pd product} {ergonomic}
    uintx NonProfiledCodeHeapSize                  = 122909434                              {pd product} {ergonomic}
    uintx ProfiledCodeHeapSize                     = 122909434                              {pd product} {ergonomic}
    uintx ReservedCodeCacheSize                    = 251658240                              {pd product} {ergonomic}
     bool SegmentedCodeCache                       = true                                      {product} {ergonomic}
   size_t SoftMaxHeapSize                          = 4118806528                             {manageable} {ergonomic}
     bool UseCompressedClassPointers               = true                           {product lp64_product} {ergonomic}
     bool UseCompressedOops                        = true                           {product lp64_product} {ergonomic}
     bool UseG1GC                                  = true                                      {product} {ergonomic}
     bool UseLargePagesIndividualAllocation        = false                                  {pd product} {ergonomic}

Logging:
Log output configuration:
 #0: stdout all=warning uptime,level,tags
 #1: stderr all=off uptime,level,tags

Environment Variables:
PATH=C:\Program Files\Common Files\Oracle\Java\javapath;C:\Windows\system32;C:\Windows;C:\Windows\System32\Wbem;C:\Windows\System32\WindowsPowerShell\v1.0\;C:\Windows\System32\OpenSSH\;C:\Program Files\Git\cmd;C:\Program Files\Java\jdk-17\bin;C:\Program Files\Cloudflare\Cloudflare WARP\;C:\Program Files\dotnet\;C:\Program Files\Docker\Docker\resources\bin;C:\Program Files\Java\apache-maven-3.9.9\bin;C:\Program Files\Java\jdk1.8.0_45\bin;C:\Users\ADMIN\scoop\shims;C:\Users\ADMIN\AppData\Local\Programs\Python\Python312\Scripts\;C:\Users\ADMIN\AppData\Local\Programs\Python\Python312\;C:\Users\ADMIN\AppData\Local\Programs\Python\Launcher\;C:\Users\ADMIN\AppData\Local\Microsoft\WindowsApps;C:\Users\ADMIN\AppData\Local\Programs\Microsoft VS Code\bin;C:\Program Files\JetBrains\IntelliJ IDEA Community Edition 2023.2.3\bin;;C:\Program Files\JetBrains\IntelliJ IDEA 2023.2.3\bin;;C:\Program Files\Azure Data Studio\bin;C:\Program Files\JetBrains\PyCharm 2023.2.5\bin;;C:\bin
USERNAME=ADMIN
LANG=en_US.UTF-8
OS=Windows_NT
PROCESSOR_IDENTIFIER=AMD64 Family 23 Model 104 Stepping 1, AuthenticAMD



---------------  S Y S T E M  ---------------

OS:
 Windows 11 , 64 bit Build 22621 (10.0.22621.4974)
OS uptime: 0 days 10:46 hours
Hyper-V role detected

CPU: total 12 (initial active 12) (12 cores per cpu, 2 threads per core) family 23 model 104 stepping 1 microcode 0x0, cx8, cmov, fxsr, ht, mmx, 3dnowpref, sse, sse2, sse3, ssse3, sse4a, sse4.1, sse4.2, popcnt, lzcnt, tsc, tscinvbit, avx, avx2, aes, clmul, bmi1, bmi2, adx, sha, fma, vzeroupper, clflush, clflushopt, hv

Memory: 4k page, system-wide physical 15706M (1038M free)
TotalPageFile size 32990M (AvailPageFile size 1M)
current process WorkingSet (physical memory assigned to process): 111M, peak: 111M
current process commit charge ("private bytes"): 376M, peak: 376M

vm_info: Java HotSpot(TM) 64-Bit Server VM (17.0.9+11-LTS-201) for windows-amd64 JRE (17.0.9+11-LTS-201), built on Oct 10 2023 23:16:06 by "mach5one" with MS VC++ 17.1 (VS2022)

END.
